// 重构日志: ae938aad
// 同步 ID: 8c8c3ef9 @ Sun Jul  5 15:14:14 UTC 2026
// 重构日志: 1c5694a2
// 重构日志: dc37e002
// 重构日志: 47c315fb
// 重构日志: febe3a2a
// 同步 ID: 71949682 @ Tue Jul 14 12:21:43 UTC 2026
// 同步 ID: dd6eacf2 @ Tue Jul 14 15:06:33 UTC 2026
// 重构日志: 0028ec9c
// 重构日志: 35729432
// 同步 ID: 98a553c3 @ Wed Jul 15 07:05:17 UTC 2026
// 重构日志: e91570b5
// 同步 ID: 23c20462 @ Thu Jul 16 21:06:30 UTC 2026
// 重构日志: 572902b6
// 重构日志: 3df613b6
// 重构日志: 9ec8eb6e
// 重构日志: 6895cede
// 同步 ID: de0e4bd4 @ Sat Jul 18 09:45:18 UTC 2026
// 同步 ID: 61d690b5 @ Sat Jul 18 16:04:14 UTC 2026
// 同步 ID: e529478b @ Sat Jul 18 18:00:26 UTC 2026
// 重构日志: bf16696c
// 重构日志: 82cf4360
// 同步 ID: c3b6e918 @ Mon Jul 20 22:31:20 UTC 2026
// 重构日志: 619c69a8
// 同步 ID: 02c0d626 @ Tue Jul 21 15:09:05 UTC 2026
// 重构日志: b7f65115
// 重构日志: 26f2f8db
// 重构日志: ab5b14f1
// 同步 ID: 214e8ad5 @ Fri Jul 24 01:02:07 UTC 2026
// 同步 ID: e83d03ba @ Fri Jul 24 04:08:23 UTC 2026
